Added Component: Designator=C1(1608[0603])
Added Component: Designator=C2(1608[0603])
Added Component: Designator=C3(1608[0603])
Added Component: Designator=DIP1(DIP_SW_8WAY_SMD)
Added Component: Designator=HDR1(Header 8x1 8.5mm)
Added Component: Designator=HDR3(Header 6x1 8.5mm)
Added Component: Designator=HDR4(Header 8x1 8.5mm)
Added Component: Designator=IC 1(8P3)
Added Component: Designator=L1(0603)
Added Component: Designator=L2(0603)
Added Component: Designator=LED1(LED-1)
Added Component: Designator=POT 1(PCBComponent_1)
Added Component: Designator=R1(J1-0603)
Added Component: Designator=R2(J1-0603)
Added Component: Designator=R3(J1-0603)
Added Component: Designator=SKR 1(PIN2)
Added Component: Designator=Switch 1(PushButtonFrame)
Added Pin To Net: NetName=3V3 Pin=HDR1-5
Added Net: Name=3V3
Added Pin To Net: NetName=5V Pin=HDR1-4
Added Pin To Net: NetName=5V Pin=IC 1-8
Added Net: Name=5V
Added Pin To Net: NetName=AD0 Pin=HDR3-1
Added Net: Name=AD0
Added Pin To Net: NetName=AD1 Pin=HDR3-2
Added Net: Name=AD1
Added Pin To Net: NetName=AD2 Pin=HDR3-3
Added Net: Name=AD2
Added Pin To Net: NetName=AD3 Pin=HDR3-4
Added Net: Name=AD3
Added Pin To Net: NetName=AD4 Pin=HDR3-5
Added Net: Name=AD4
Added Pin To Net: NetName=AD5 Pin=HDR3-6
Added Net: Name=AD5
Added Net: Name=AREF
Added Pin To Net: NetName=GND Pin=C1-1
Added Pin To Net: NetName=GND Pin=C2-1
Added Pin To Net: NetName=GND Pin=C3-1
Added Pin To Net: NetName=GND Pin=HDR1-2
Added Pin To Net: NetName=GND Pin=HDR1-3
Added Pin To Net: NetName=GND Pin=IC 1-4
Added Pin To Net: NetName=GND Pin=R1-1
Added Pin To Net: NetName=GND Pin=R3-1
Added Pin To Net: NetName=GND Pin=SKR 1-2
Added Net: Name=GND
Added Pin To Net: NetName=IO0 Pin=HDR4-1
Added Net: Name=IO0
Added Pin To Net: NetName=IO1 Pin=HDR4-2
Added Net: Name=IO1
Added Pin To Net: NetName=IO2 Pin=HDR4-3
Added Net: Name=IO2
Added Pin To Net: NetName=IO3 Pin=DIP1-4
Added Pin To Net: NetName=IO3 Pin=HDR4-4
Added Net: Name=IO3
Added Pin To Net: NetName=IO4 Pin=HDR4-5
Added Net: Name=IO4
Added Pin To Net: NetName=IO5 Pin=HDR4-6
Added Net: Name=IO5
Added Pin To Net: NetName=IO6 Pin=HDR4-7
Added Net: Name=IO6
Added Pin To Net: NetName=IO7 Pin=HDR4-8
Added Net: Name=IO7
Added Net: Name=IO8
Added Pin To Net: NetName=IO9 Pin=DIP1-3
Added Net: Name=IO9
Added Pin To Net: NetName=IO10 Pin=DIP1-2
Added Net: Name=IO10
Added Pin To Net: NetName=IO11 Pin=DIP1-1
Added Net: Name=IO11
Added Net: Name=IO12
Added Net: Name=IO13
Added Pin To Net: NetName=IOREF Pin=HDR1-7
Added Net: Name=IOREF
Added Pin To Net: NetName=NetC1_2 Pin=C1-2
Added Pin To Net: NetName=NetC1_2 Pin=L1-1
Added Pin To Net: NetName=NetC1_2 Pin=R2-1
Added Net: Name=NetC1_2
Added Pin To Net: NetName=NetC2_2 Pin=C2-2
Added Pin To Net: NetName=NetC2_2 Pin=L1-2
Added Pin To Net: NetName=NetC2_2 Pin=L2-1
Added Net: Name=NetC2_2
Added Pin To Net: NetName=NetC3_2 Pin=C3-2
Added Pin To Net: NetName=NetC3_2 Pin=L2-2
Added Pin To Net: NetName=NetC3_2 Pin=R3-2
Added Pin To Net: NetName=NetC3_2 Pin=SKR 1-1
Added Net: Name=NetC3_2
Added Pin To Net: NetName=NetDIP1_13 Pin=DIP1-13
Added Pin To Net: NetName=NetDIP1_13 Pin=DIP1-14
Added Pin To Net: NetName=NetDIP1_13 Pin=DIP1-15
Added Pin To Net: NetName=NetDIP1_13 Pin=DIP1-16
Added Pin To Net: NetName=NetDIP1_13 Pin=IC 1-2
Added Net: Name=NetDIP1_13
Added Pin To Net: NetName=NetIC 1_3 Pin=IC 1-3
Added Pin To Net: NetName=NetIC 1_3 Pin=R2-2
Added Net: Name=NetIC 1_3
Added Pin To Net: NetName=NetIC 1_5 Pin=IC 1-5
Added Pin To Net: NetName=NetIC 1_5 Pin=LED1-1
Added Net: Name=NetIC 1_5
Added Pin To Net: NetName=NetIC 1_7 Pin=IC 1-7
Added Net: Name=NetIC 1_7
Added Pin To Net: NetName=NetLED1_2 Pin=LED1-2
Added Pin To Net: NetName=NetLED1_2 Pin=R1-2
Added Net: Name=NetLED1_2
Added Pin To Net: NetName=RESET Pin=HDR1-6
Added Net: Name=RESET
Added Net: Name=SCL
Added Net: Name=SDA
Added Class: Name=ArduinoUnoShield
Added Room: Name=ArduinoUnoShield
